#
# A fatal error has been detected by the Java Runtime Environment:
#
#  EXCEPTION_ACCESS_VIOLATION (0xc0000005) at pc=0x00007ffd4968ef97, pid=4848, tid=0x0000000000003168
#
# JRE version: Java(TM) SE Runtime Environment (8.0_102-b14) (build 1.8.0_102-b14)
# Java VM: Java HotSpot(TM) 64-Bit Server VM (25.102-b14 mixed mode windows-amd64 compressed oops)
# Problematic frame:
# C  [lwjgl_opengl.dll+0xef97]
#
# Failed to write core dump. Minidumps are not enabled by default on client versions of Windows
#
# If you would like to submit a bug report, please visit:
#   http://bugreport.java.com/bugreport/crash.jsp
# The crash happened outside the Java Virtual Machine in native code.
# See problematic frame for where to report the bug.
#

---------------  T H R E A D  ---------------

Current thread (0x00000000023d2800):  JavaThread "main" [_thread_in_native, id=12648, stack(0x00000000022d0000,0x00000000023d0000)]

siginfo: ExceptionCode=0xc0000005, reading address 0x00000000000010d8

Registers:
RAX=0x000000006839ed50, RBX=0x000000001bb8fc60, RCX=0x0000000000000000, RDX=0x00000000023ce8c8
RSP=0x00000000023ce848, RBP=0x00000000023ce8b8, RSI=0x0000000000000020, RDI=0x00000000024d835d
R8 =0x0000000000000009, R9 =0x0000000002267c80, R10=0x00000000024e78e8, R11=0x0000000067e2b330
R12=0x0000000000000000, R13=0x000000001bb8fc60, R14=0x00000000023ce8d0, R15=0x00000000023d2800
RIP=0x00007ffd4968ef97, EFLAGS=0x0000000000010206

Top of Stack: (sp=0x00000000023ce848)
0x00000000023ce848:   00000000024e7914 00000000023d2800
0x00000000023ce858:   000000001bb8fc60 0000000000000020
0x00000000023ce868:   00000000023d2800 00000000024e7642
0x00000000023ce878:   00000000023ce878 000000001bb8fc60
0x00000000023ce888:   00000000023ce8d0 000000001ba4c608
0x00000000023ce898:   0000000000000000 000000001bb8fc60
0x00000000023ce8a8:   0000000000000000 00000000023ce8d8
0x00000000023ce8b8:   00000000023ce918 00000000024d7da0
0x00000000023ce8c8:   000000076b539d98 00000000024e19d6
0x00000000023ce8d8:   00000000023ce8d8 000000001bb8fcf8
0x00000000023ce8e8:   00000000023ce920 000000001ba4c608
0x00000000023ce8f8:   0000000000000000 000000001bb8fd08
0x00000000023ce908:   00000000023ce8d8 00000000023ce928
0x00000000023ce918:   00000000023ce968 00000000024d7da0
0x00000000023ce928:   00000000023ce928 000000001b9da4d0
0x00000000023ce938:   00000000023ce988 000000001b9daf88 

Instructions: (pc=0x00007ffd4968ef97)
0x00007ffd4968ef77:   8b c8 4c 8b 50 18 49 ff a2 d0 10 00 00 cc cc cc
0x00007ffd4968ef87:   cc cc cc cc cc cc cc cc cc 48 8b 01 48 8b 48 18
0x00007ffd4968ef97:   48 8b 81 d8 10 00 00 48 ff e0 cc cc cc cc cc cc
0x00007ffd4968efa7:   cc cc cc cc cc cc cc cc cc 48 8b 01 45 8b d8 4c 


Register to memory mapping:

RAX=0x000000006839ed50 is an unknown value
RBX={method} {0x000000001bb8fc68} 'nglGetError' '()I' in 'org/lwjgl/opengl/GL11'
RCX=0x0000000000000000 is an unknown value
RDX=0x00000000023ce8c8 is pointing into the stack for thread: 0x00000000023d2800
RSP=0x00000000023ce848 is pointing into the stack for thread: 0x00000000023d2800
RBP=0x00000000023ce8b8 is pointing into the stack for thread: 0x00000000023d2800
RSI=0x0000000000000020 is an unknown value
RDI=0x00000000024d835d is at code_begin+2301 in an Interpreter codelet
invoke return entry points  [0x00000000024d7a60, 0x00000000024d8440]  2528 bytes
R8 =0x0000000000000009 is an unknown value
R9 =0x0000000002267c80 is an unknown value
R10=0x00000000024e78e8 is at code_begin+840 in an Interpreter codelet
method entry point (kind = native)  [0x00000000024e75a0, 0x00000000024e7f00]  2400 bytes
R11=0x0000000067e2b330 is an unknown value
R12=0x0000000000000000 is an unknown value
R13={method} {0x000000001bb8fc68} 'nglGetError' '()I' in 'org/lwjgl/opengl/GL11'
R14=0x00000000023ce8d0 is pointing into the stack for thread: 0x00000000023d2800
R15=0x00000000023d2800 is a thread


Stack: [0x00000000022d0000,0x00000000023d0000],  sp=0x00000000023ce848,  free space=1018k
Native frames: (J=compiled Java code, j=interpreted, Vv=VM code, C=native code)
C  [lwjgl_opengl.dll+0xef97]

Java frames: (J=compiled Java code, j=interpreted, Vv=VM code)
j  org.lwjgl.opengl.GL11.nglGetError()I+0
j  org.lwjgl.opengl.GL11.glGetError()I+0
j  psilox.core.Window.logLastError$Psilox()V+0
j  psilox.core.Psilox.render()V+7
j  psilox.core.Psilox.loop()V+109
j  psilox.core.Psilox.start(Lpsilox/core/Window;)V+30
j  psilox.core.PsiloxKt.main([Ljava/lang/String;)V+28
v  ~StubRoutines::call_stub
j  sun.reflect.NativeMethodAccessorImpl.invoke0(Ljava/lang/reflect/Method;Ljava/lang/Object;[Ljava/lang/Object;)Ljava/lang/Object;+0
j  sun.reflect.NativeMethodAccessorImpl.invoke(Ljava/lang/Object;[Ljava/lang/Object;)Ljava/lang/Object;+100
j  sun.reflect.DelegatingMethodAccessorImpl.invoke(Ljava/lang/Object;[Ljava/lang/Object;)Ljava/lang/Object;+6
j  java.lang.reflect.Method.invoke(Ljava/lang/Object;[Ljava/lang/Object;)Ljava/lang/Object;+56
j  com.intellij.rt.execution.application.AppMain.main([Ljava/lang/String;)V+180
v  ~StubRoutines::call_stub

---------------  P R O C E S S  ---------------

Java Threads: ( => current thread )
  0x000000001e116000 JavaThread "Monitor Ctrl-Break" daemon [_thread_in_native, id=13772, stack(0x000000001ecf0000,0x000000001edf0000)]
  0x000000001df5d000 JavaThread "Service Thread" daemon [_thread_blocked, id=5224, stack(0x000000001ea90000,0x000000001eb90000)]
  0x000000001deda800 JavaThread "C1 CompilerThread3" daemon [_thread_blocked, id=1412, stack(0x000000001e990000,0x000000001ea90000)]
  0x000000001ded1800 JavaThread "C2 CompilerThread2" daemon [_thread_blocked, id=2528, stack(0x000000001e890000,0x000000001e990000)]
  0x000000001decf800 JavaThread "C2 CompilerThread1" daemon [_thread_blocked, id=12944, stack(0x000000001e790000,0x000000001e890000)]
  0x000000001decd000 JavaThread "C2 CompilerThread0" daemon [_thread_blocked, id=1852, stack(0x000000001e690000,0x000000001e790000)]
  0x000000001decc000 JavaThread "Attach Listener" daemon [_thread_blocked, id=13956, stack(0x000000001e590000,0x000000001e690000)]
  0x000000001decb000 JavaThread "Signal Dispatcher" daemon [_thread_blocked, id=7596, stack(0x000000001e490000,0x000000001e590000)]
  0x000000001dec1800 JavaThread "Finalizer" daemon [_thread_blocked, id=1736, stack(0x000000001e2a0000,0x000000001e3a0000)]
  0x000000001bfbd800 JavaThread "Reference Handler" daemon [_thread_blocked, id=12704, stack(0x000000001dda0000,0x000000001dea0000)]
=>0x00000000023d2800 JavaThread "main" [_thread_in_native, id=12648, stack(0x00000000022d0000,0x00000000023d0000)]

Other Threads:
  0x000000001bfb9000 VMThread [stack: 0x000000001dca0000,0x000000001dda0000] [id=2820]
  0x000000001df7f000 WatcherThread [stack: 0x000000001eb90000,0x000000001ec90000] [id=12532]

VM state:not at safepoint (normal execution)

VM Mutex/Monitor currently owned by a thread: None

Heap:
 PSYoungGen      total 76288K, used 10889K [0x000000076ac00000, 0x0000000770100000, 0x00000007c0000000)
  eden space 65536K, 16% used [0x000000076ac00000,0x000000076b6a2540,0x000000076ec00000)
  from space 10752K, 0% used [0x000000076f680000,0x000000076f680000,0x0000000770100000)
  to   space 10752K, 0% used [0x000000076ec00000,0x000000076ec00000,0x000000076f680000)
 ParOldGen       total 175104K, used 0K [0x00000006c0400000, 0x00000006caf00000, 0x000000076ac00000)
  object space 175104K, 0% used [0x00000006c0400000,0x00000006c0400000,0x00000006caf00000)
 Metaspace       used 6673K, capacity 6760K, committed 6912K, reserved 1056768K
  class space    used 642K, capacity 698K, committed 768K, reserved 1048576K

Card table byte_map: [0x0000000011890000,0x0000000012090000] byte_map_base: 0x000000000e28e000

Marking Bits: (ParMarkBitMap*) 0x000000006841a6c0
 Begin Bits: [0x0000000012df0000, 0x0000000016de0000)
 End Bits:   [0x0000000016de0000, 0x000000001add0000)

Polling page: 0x0000000002200000

CodeCache: size=245760Kb used=2186Kb max_used=2186Kb free=243573Kb
 bounds [0x00000000024d0000, 0x0000000002740000, 0x00000000114d0000]
 total_blobs=1142 nmethods=394 adapters=662
 compilation: enabled

Compilation events (10 events):
Event: 2.909 Thread 0x000000001deda800  390       3       sun.misc.URLClassPath$JarLoader::findResource (18 bytes)
Event: 2.909 Thread 0x000000001deda800 nmethod 390 0x00000000026e0cd0 code [0x00000000026e0e40, 0x00000000026e10d8]
Event: 2.911 Thread 0x000000001deda800  391       3       java.nio.Buffer::clear (20 bytes)
Event: 2.911 Thread 0x000000001deda800 nmethod 391 0x00000000026e13d0 code [0x00000000026e1520, 0x00000000026e1690]
Event: 2.912 Thread 0x000000001deda800  392       3       java.util.WeakHashMap::remove (133 bytes)
Event: 2.913 Thread 0x000000001deda800 nmethod 392 0x00000000026e1710 code [0x00000000026e1900, 0x00000000026e23e8]
Event: 2.913 Thread 0x000000001deda800  393       3       sun.net.www.protocol.file.Handler::parseURL (18 bytes)
Event: 2.913 Thread 0x000000001deda800 nmethod 393 0x00000000026e2850 code [0x00000000026e29c0, 0x00000000026e2c38]
Event: 2.913 Thread 0x000000001deda800  394       3       java.net.URLStreamHandler::parseURL (1158 bytes)
Event: 2.920 Thread 0x000000001deda800 nmethod 394 0x00000000026e2d50 code [0x00000000026e3860, 0x00000000026ed1d8]

GC Heap History (0 events):
No events

Deoptimization events (0 events):
No events

Internal exceptions (10 events):
Event: 0.195 Thread 0x00000000023d2800 Exception <a 'java/security/PrivilegedActionException'> (0x000000076b2bb4b8) thrown at [C:\re\workspace\8-2-build-windows-amd64-cygwin\jdk8u102\7268\hotspot\src\share\vm\prims\jvm.cpp, line 1386]
Event: 0.195 Thread 0x00000000023d2800 Exception <a 'java/security/PrivilegedActionException'> (0x000000076b2bb6c8) thrown at [C:\re\workspace\8-2-build-windows-amd64-cygwin\jdk8u102\7268\hotspot\src\share\vm\prims\jvm.cpp, line 1386]
Event: 0.227 Thread 0x00000000023d2800 Exception <a 'java/lang/NoSuchFieldError': method resolution failed> (0x000000076b3a0a60) thrown at [C:\re\workspace\8-2-build-windows-amd64-cygwin\jdk8u102\7268\hotspot\src\share\vm\prims\methodHandles.cpp, line 1146]
Event: 0.228 Thread 0x00000000023d2800 Exception <a 'java/lang/NoSuchFieldError': method resolution failed> (0x000000076b3ae1b0) thrown at [C:\re\workspace\8-2-build-windows-amd64-cygwin\jdk8u102\7268\hotspot\src\share\vm\prims\methodHandles.cpp, line 1146]
Event: 2.909 Thread 0x00000000023d2800 Exception <a 'sun/nio/fs/WindowsException'> (0x000000076b57a4a0) thrown at [C:\re\workspace\8-2-build-windows-amd64-cygwin\jdk8u102\7268\hotspot\src\share\vm\prims\jni.cpp, line 709]
Event: 2.909 Thread 0x00000000023d2800 Exception <a 'sun/nio/fs/WindowsException'> (0x000000076b57aca8) thrown at [C:\re\workspace\8-2-build-windows-amd64-cygwin\jdk8u102\7268\hotspot\src\share\vm\prims\jni.cpp, line 709]
Event: 2.910 Thread 0x00000000023d2800 Exception <a 'sun/nio/fs/WindowsException'> (0x000000076b57d360) thrown at [C:\re\workspace\8-2-build-windows-amd64-cygwin\jdk8u102\7268\hotspot\src\share\vm\prims\jni.cpp, line 709]
Event: 2.910 Thread 0x00000000023d2800 Exception <a 'sun/nio/fs/WindowsException'> (0x000000076b57d888) thrown at [C:\re\workspace\8-2-build-windows-amd64-cygwin\jdk8u102\7268\hotspot\src\share\vm\prims\jni.cpp, line 709]
Event: 2.910 Thread 0x00000000023d2800 Exception <a 'sun/nio/fs/WindowsException'> (0x000000076b57e260) thrown at [C:\re\workspace\8-2-build-windows-amd64-cygwin\jdk8u102\7268\hotspot\src\share\vm\prims\jni.cpp, line 709]
Event: 2.910 Thread 0x00000000023d2800 Exception <a 'sun/nio/fs/WindowsException'> (0x000000076b57e6f0) thrown at [C:\re\workspace\8-2-build-windows-amd64-cygwin\jdk8u102\7268\hotspot\src\share\vm\prims\jni.cpp, line 709]

Events (10 events):
Event: 2.910 loading class java/util/ArrayList$SubList
Event: 2.910 loading class java/util/ArrayList$SubList done
Event: 2.910 loading class java/util/ArrayList$SubList$1
Event: 2.910 loading class java/util/ArrayList$SubList$1 done
Event: 2.912 loading class org/lwjgl/opengl/GL$1
Event: 2.912 loading class org/lwjgl/opengl/GL$1 done
Event: 2.912 loading class org/lwjgl/opengl/GL$SharedLibraryGL
Event: 2.912 loading class org/lwjgl/opengl/GL$SharedLibraryGL done
Event: 2.913 loading class org/lwjgl/system/SharedLibrary$Delegate
Event: 2.913 loading class org/lwjgl/system/SharedLibrary$Delegate done


Dynamic libraries:
0x00007ff6e5a50000 - 0x00007ff6e5a87000 	C:\Program Files\Java\jdk1.8.0_102\bin\java.exe
0x00007ffd60580000 - 0x00007ffd6075b000 	C:\WINDOWS\SYSTEM32\ntdll.dll
0x00007ffd5f260000 - 0x00007ffd5f30e000 	C:\WINDOWS\System32\KERNEL32.DLL
0x00007ffd5d840000 - 0x00007ffd5da89000 	C:\WINDOWS\System32\KERNELBASE.dll
0x00007ffd601e0000 - 0x00007ffd60281000 	C:\WINDOWS\System32\ADVAPI32.dll
0x00007ffd60080000 - 0x00007ffd6011d000 	C:\WINDOWS\System32\msvcrt.dll
0x00007ffd5f400000 - 0x00007ffd5f459000 	C:\WINDOWS\System32\sechost.dll
0x00007ffd5fa70000 - 0x00007ffd5fb95000 	C:\WINDOWS\System32\RPCRT4.dll
0x00007ffd5f640000 - 0x00007ffd5f78a000 	C:\WINDOWS\System32\USER32.dll
0x00007ffd5cd50000 - 0x00007ffd5cd6e000 	C:\WINDOWS\System32\win32u.dll
0x00007ffd5f370000 - 0x00007ffd5f397000 	C:\WINDOWS\System32\GDI32.dll
0x00007ffd5cbc0000 - 0x00007ffd5cd49000 	C:\WINDOWS\System32\gdi32full.dll
0x00007ffd5d7a0000 - 0x00007ffd5d83a000 	C:\WINDOWS\System32\msvcp_win.dll
0x00007ffd5d470000 - 0x00007ffd5d566000 	C:\WINDOWS\System32\ucrtbase.dll
0x00007ffd4e210000 - 0x00007ffd4e477000 	C:\WINDOWS\WinSxS\amd64_microsoft.windows.common-controls_6595b64144ccf1df_6.0.15063.0_none_108e4f62dfe5d999\COMCTL32.dll
0x00007ffd5ef60000 - 0x00007ffd5f259000 	C:\WINDOWS\System32\combase.dll
0x00007ffd5caa0000 - 0x00007ffd5cb0a000 	C:\WINDOWS\System32\bcryptPrimitives.dll
0x00007ffd5daf0000 - 0x00007ffd5db1d000 	C:\WINDOWS\System32\IMM32.DLL
0x00000000684a0000 - 0x0000000068571000 	C:\Program Files\Java\jdk1.8.0_102\jre\bin\msvcr100.dll
0x0000000067c00000 - 0x000000006849a000 	C:\Program Files\Java\jdk1.8.0_102\jre\bin\server\jvm.dll
0x00007ffd60150000 - 0x00007ffd60158000 	C:\WINDOWS\System32\PSAPI.DLL
0x00007ffd57ed0000 - 0x00007ffd57ef3000 	C:\WINDOWS\SYSTEM32\WINMM.dll
0x00007ffd57ec0000 - 0x00007ffd57eca000 	C:\WINDOWS\SYSTEM32\VERSION.dll
0x00007ffd56eb0000 - 0x00007ffd56eb9000 	C:\WINDOWS\SYSTEM32\WSOCK32.dll
0x00007ffd5f510000 - 0x00007ffd5f57c000 	C:\WINDOWS\System32\WS2_32.dll
0x00007ffd57e90000 - 0x00007ffd57ebb000 	C:\WINDOWS\SYSTEM32\winmmbase.dll
0x00007ffd5da90000 - 0x00007ffd5dad9000 	C:\WINDOWS\System32\cfgmgr32.dll
0x0000000068640000 - 0x000000006864f000 	C:\Program Files\Java\jdk1.8.0_102\jre\bin\verify.dll
0x0000000068610000 - 0x0000000068639000 	C:\Program Files\Java\jdk1.8.0_102\jre\bin\java.dll
0x00000000685f0000 - 0x0000000068606000 	C:\Program Files\Java\jdk1.8.0_102\jre\bin\zip.dll
0x00007ffd5db20000 - 0x00007ffd5ef57000 	C:\WINDOWS\System32\SHELL32.dll
0x00007ffd5f460000 - 0x00007ffd5f50a000 	C:\WINDOWS\System32\shcore.dll
0x00007ffd5cd70000 - 0x00007ffd5d462000 	C:\WINDOWS\System32\windows.storage.dll
0x00007ffd5fa10000 - 0x00007ffd5fa61000 	C:\WINDOWS\System32\shlwapi.dll
0x00007ffd5ca60000 - 0x00007ffd5ca71000 	C:\WINDOWS\System32\kernel.appcore.dll
0x00007ffd5c9f0000 - 0x00007ffd5ca3c000 	C:\WINDOWS\System32\powrprof.dll
0x00007ffd5ca40000 - 0x00007ffd5ca55000 	C:\WINDOWS\System32\profapi.dll
0x00007ffd564e0000 - 0x00007ffd564f0000 	C:\Program Files (x86)\JetBrains\IntelliJ IDEA Community Edition 2016.1.2\bin\breakgen64.dll
0x00000000685d0000 - 0x00000000685ea000 	C:\Program Files\Java\jdk1.8.0_102\jre\bin\net.dll
0x00007ffd5c2a0000 - 0x00007ffd5c2fc000 	C:\WINDOWS\system32\mswsock.dll
0x00000000685b0000 - 0x00000000685c1000 	C:\Program Files\Java\jdk1.8.0_102\jre\bin\nio.dll
0x00007ffd4f5a0000 - 0x00007ffd4f5f7000 	C:\Users\Timothy\AppData\Local\Temp\lwjglXydium\3.1.1-build-16\lwjgl.dll
0x00007ffd5c460000 - 0x00007ffd5c46b000 	C:\WINDOWS\SYSTEM32\CRYPTBASE.DLL
0x00007ffd4f930000 - 0x00007ffd4f96c000 	C:\Users\Timothy\AppData\Local\Temp\lwjglXydium\3.1.1-build-16\glfw.dll
0x00007ffd49680000 - 0x00007ffd496df000 	C:\Users\Timothy\AppData\Local\Temp\lwjglXydium\3.1.1-build-16\lwjgl_opengl.dll
0x00007ffd49550000 - 0x00007ffd49671000 	C:\WINDOWS\system32\opengl32.dll
0x00007ffd4f370000 - 0x00007ffd4f39c000 	C:\WINDOWS\SYSTEM32\GLU32.dll
0x00007ffd56d00000 - 0x00007ffd56ea9000 	C:\WINDOWS\SYSTEM32\dbghelp.dll

VM Arguments:
jvm_args: -Didea.launcher.port=7532 -Didea.launcher.bin.path=C:\Program Files (x86)\JetBrains\IntelliJ IDEA Community Edition 2016.1.2\bin -Dfile.encoding=UTF-8 
java_command: com.intellij.rt.execution.application.AppMain psilox.core.PsiloxKt
java_class_path (initial): C:\Program Files\Java\jdk1.8.0_102\jre\lib\charsets.jar;C:\Program Files\Java\jdk1.8.0_102\jre\lib\deploy.jar;C:\Program Files\Java\jdk1.8.0_102\jre\lib\ext\access-bridge-64.jar;C:\Program Files\Java\jdk1.8.0_102\jre\lib\ext\cldrdata.jar;C:\Program Files\Java\jdk1.8.0_102\jre\lib\ext\dnsns.jar;C:\Program Files\Java\jdk1.8.0_102\jre\lib\ext\jaccess.jar;C:\Program Files\Java\jdk1.8.0_102\jre\lib\ext\jfxrt.jar;C:\Program Files\Java\jdk1.8.0_102\jre\lib\ext\localedata.jar;C:\Program Files\Java\jdk1.8.0_102\jre\lib\ext\nashorn.jar;C:\Program Files\Java\jdk1.8.0_102\jre\lib\ext\sunec.jar;C:\Program Files\Java\jdk1.8.0_102\jre\lib\ext\sunjce_provider.jar;C:\Program Files\Java\jdk1.8.0_102\jre\lib\ext\sunmscapi.jar;C:\Program Files\Java\jdk1.8.0_102\jre\lib\ext\sunpkcs11.jar;C:\Program Files\Java\jdk1.8.0_102\jre\lib\ext\zipfs.jar;C:\Program Files\Java\jdk1.8.0_102\jre\lib\javaws.jar;C:\Program Files\Java\jdk1.8.0_102\jre\lib\jce.jar;C:\Program Files\Java\jdk1.8.0_102\jre\lib\jfr.jar;C:\Program Files\Java\jdk1.8.0_102\jre\lib\jfxswt.jar;C:\Program Files\Java\jdk1.8.0_102\jre\lib\jsse.jar;C:\Program Files\Java\jdk1.8.0_102\jre\lib\management-agent.jar;C:\Program Files\Java\jdk1.8.0_102\jre\lib\plugin.jar;C:\Program Files\Java\jdk1.8.0_102\jre\lib\resources.jar;C:\Program Files\Java\jdk1.8.0_102\jre\lib\rt.jar;C:\Users\Timothy\Desktop\Files\Programming\_Reposititories\Psilox\out\production\Psilox;C:\Users\Timothy\Desktop\Files\Programming\_Reposititories\Psilox\lib\kotlin-runtime.jar;C:\Users\Timothy\Desktop\Files\Programming\_Reposititories\Psilox\lib\kotlin-reflect.jar;C:\Users\Timothy\Desktop\Files\Programming\_Reposititories\Psilox\lib\glm.jar;C:\Users\Timothy\Desktop\Files\Programming\_Reposititories\Psilox\lib\lwjgl.jar;C:\Users\Timothy\Desktop\Files\Programming\_Reposititories\Psilox\lib\lwjgl-glfw.jar;C:\Users\Timothy\Desktop\Files\Programming\_Reposititories\Psilox\lib\lwjgl-opengl.jar;C:\Users\Timothy\Desktop\Files\Programming\_Repositit
Launcher Type: SUN_STANDARD

Environment Variables:
PATH=C:\VulkanSDK\1.0.3.1\Bin;C:\VulkanSDK\1.0.3.1\Bin32;C:\ProgramData\Oracle\Java\javapath;C:\WINDOWS\system32;C:\WINDOWS;C:\WINDOWS\System32\Wbem;C:\WINDOWS\System32\WindowsPowerShell\v1.0\;C:\Program Files (x86)\QuickTime\QTSystem\;C:\Program Files (x86)\GtkSharp\2.12\bin;C:\Program Files (x86)\NVIDIA Corporation\PhysX\Common;C:\MinGW\msys\1.0\bin;C:\MinGW\bin;C:\HaxeToolkit\haxe\;C:\HaxeToolkit\neko;C:\Program Files\CMake\bin;C:\Program Files\Dart\dart-sdk\bin;C:\WINDOWS\system32;C:\WINDOWS;C:\WINDOWS\System32\Wbem;C:\WINDOWS\System32\WindowsPowerShell\v1.0\;C:\Program Files\Git\cmd;C:\Program Files (x86)\Skype\Phone\;C:\Python2.7\;C:\Users\Timothy\AppData\Local\atom\bin;C:\Program Files (x86)\Vim\vim74;C:\Program Files\Git\bin;C:\Program Files\Git\cmd;C:\Users\Timothy\Desktop\Files\Programming\Odin\odin-v0.1.3;C:\Program Files (x86)\Microsoft Visual Studio 14.0\VC\bin;%USERPROFILE%\AppData\Local\Microsoft\WindowsApps;
USERNAME=Xydium
OS=Windows_NT
PROCESSOR_IDENTIFIER=AMD64 Family 21 Model 2 Stepping 0, AuthenticAMD



---------------  S Y S T E M  ---------------

OS: Windows 10.0 , 64 bit Build 15063 (10.0.15063.296)

CPU:total 8 (8 cores per cpu, 1 threads per core) family 21 model 2 stepping 0, cmov, cx8, fxsr, mmx, sse, sse2, sse3, ssse3, sse4.1, sse4.2, popcnt, avx, aes, clmul, mmxext, 3dnowpref, lzcnt, sse4a, tsc, tscinvbit, tscinv, bmi1

Memory: 4k page, physical 16758304k(10622504k free), swap 19772960k(10593412k free)

vm_info: Java HotSpot(TM) 64-Bit Server VM (25.102-b14) for windows-amd64 JRE (1.8.0_102-b14), built on Jun 22 2016 13:15:21 by "java_re" with MS VC++ 10.0 (VS2010)

time: Wed Jun 07 16:09:54 2017
elapsed time: 3 seconds (0d 0h 0m 3s)

